[debug] [2018-06-07T14:56:14.420Z] ----------------------------------------------------------------------
[debug] [2018-06-07T14:56:14.423Z] Command:       /usr/local/bin/node /usr/local/bin/firebase deploy
[debug] [2018-06-07T14:56:14.423Z] CLI Version:   3.18.4
[debug] [2018-06-07T14:56:14.423Z] Platform:      darwin
[debug] [2018-06-07T14:56:14.423Z] Node Version:  v8.11.2
[debug] [2018-06-07T14:56:14.424Z] Time:          Thu Jun 07 2018 09:56:14 GMT-0500 (CDT)
[debug] [2018-06-07T14:56:14.424Z] ----------------------------------------------------------------------
[debug] 
[debug] [2018-06-07T14:56:14.436Z] > command requires scopes: ["email","openid","https://www.googleapis.com/auth/cloudplatformprojects.readonly","https://www.googleapis.com/auth/firebase","https://www.googleapis.com/auth/cloud-platform"]
[debug] [2018-06-07T14:56:14.436Z] > authorizing via signed-in user
[debug] [2018-06-07T14:56:14.438Z] >>> HTTP REQUEST GET https://admin.firebase.com/v1/projects/portfolio-d9e79  
  
 Thu Jun 07 2018 09:56:14 GMT-0500 (CDT)
[debug] [2018-06-07T14:56:15.101Z] <<< HTTP RESPONSE 200
[debug] [2018-06-07T14:56:15.102Z] >>> HTTP REQUEST GET https://admin.firebase.com/v1/database/portfolio-d9e79/tokens  
  
 Thu Jun 07 2018 09:56:15 GMT-0500 (CDT)
[debug] [2018-06-07T14:56:15.709Z] <<< HTTP RESPONSE 200
[info] 
[info] === Deploying to 'portfolio-d9e79'...
[info] 
[info] i  deploying hosting
[info] i  hosting: preparing public directory for upload...
[debug] [2018-06-07T14:56:16.739Z] >>> HTTP REQUEST PUT https://deploy.firebase.com/v1/hosting/portfolio-d9e79/uploads/-LEPjsdgmudf4dr89i9A?fileCount=90&message=  
  
 Thu Jun 07 2018 09:56:16 GMT-0500 (CDT)
